<?xml version="1.0" encoding="UTF-8"?>
<testng-results ignored="0" total="1" passed="1" failed="0" skipped="0">
  <reporter-output>
  </reporter-output>
  <suite started-at="2023-07-23T06:38:43Z" name="Default suite" finished-at="2023-07-23T06:38:49Z" duration-ms="5188">
    <groups>
    </groups>
    <test started-at="2023-07-23T06:38:43Z" name="Default test" finished-at="2023-07-23T06:38:49Z" duration-ms="5188">
      <class name="RestAPI.E2ETestcases">
        <test-method signature="test()[pri:0, instance:RestAPI.E2ETestcases@341814d3]" started-at="2023-07-23T06:38:43Z" name="test" finished-at="2023-07-23T06:38:49Z" duration-ms="5149" status="PASS">
          <reporter-output>
          </reporter-output>
        </test-method> <!-- test -->
      </class> <!-- RestAPI.E2ETestcases -->
    </test> <!-- Default test -->
  </suite> <!-- Default suite -->
</testng-results>
